09-Jun-2023 11:06:06.633 INFO [main] org.apache.catalina.startup.VersionLoggerListener.log Server version name:   Apache Tomcat/8.5.55
09-Jun-2023 11:06:06.640 INFO [main] org.apache.catalina.startup.VersionLoggerListener.log Server built:          May 5 2020 22:10:54 UTC
09-Jun-2023 11:06:06.640 INFO [main] org.apache.catalina.startup.VersionLoggerListener.log Server version number: 8.5.55.0
09-Jun-2023 11:06:06.641 INFO [main] org.apache.catalina.startup.VersionLoggerListener.log OS Name:               Windows 11
09-Jun-2023 11:06:06.641 INFO [main] org.apache.catalina.startup.VersionLoggerListener.log OS Version:            10.0
09-Jun-2023 11:06:06.641 INFO [main] org.apache.catalina.startup.VersionLoggerListener.log Architecture:          amd64
09-Jun-2023 11:06:06.642 INFO [main] org.apache.catalina.startup.VersionLoggerListener.log Java Home:             C:\Program Files\Java\jdk-17.0.2
09-Jun-2023 11:06:06.642 INFO [main] org.apache.catalina.startup.VersionLoggerListener.log JVM Version:           17.0.2+8-LTS-86
09-Jun-2023 11:06:06.642 INFO [main] org.apache.catalina.startup.VersionLoggerListener.log JVM Vendor:            Oracle Corporation
09-Jun-2023 11:06:06.644 INFO [main] org.apache.catalina.startup.VersionLoggerListener.log CATALINA_BASE:         C:\Users\KIIT\OneDrive\Documents\HRC\Java\Resources\apache-tomcat-8.5.55
09-Jun-2023 11:06:06.644 INFO [main] org.apache.catalina.startup.VersionLoggerListener.log CATALINA_HOME:         C:\Users\KIIT\OneDrive\Documents\HRC\Java\Resources\apache-tomcat-8.5.55
09-Jun-2023 11:06:06.645 INFO [main] org.apache.catalina.startup.VersionLoggerListener.log Command line argument: --add-opens=java.base/java.lang=ALL-UNNAMED
09-Jun-2023 11:06:06.646 INFO [main] org.apache.catalina.startup.VersionLoggerListener.log Command line argument: --add-opens=java.base/java.io=ALL-UNNAMED
09-Jun-2023 11:06:06.646 INFO [main] org.apache.catalina.startup.VersionLoggerListener.log Command line argument: --add-opens=java.rmi/sun.rmi.transport=ALL-UNNAMED
09-Jun-2023 11:06:06.646 INFO [main] org.apache.catalina.startup.VersionLoggerListener.log Command line argument: -Djava.util.logging.config.file=C:\Users\KIIT\OneDrive\Documents\HRC\Java\Resources\apache-tomcat-8.5.55\conf\logging.properties
09-Jun-2023 11:06:06.647 INFO [main] org.apache.catalina.startup.VersionLoggerListener.log Command line argument: -Djava.util.logging.manager=org.apache.juli.ClassLoaderLogManager
09-Jun-2023 11:06:06.647 INFO [main] org.apache.catalina.startup.VersionLoggerListener.log Command line argument: -Djdk.tls.ephemeralDHKeySize=2048
09-Jun-2023 11:06:06.647 INFO [main] org.apache.catalina.startup.VersionLoggerListener.log Command line argument: -Djava.protocol.handler.pkgs=org.apache.catalina.webresources
09-Jun-2023 11:06:06.647 INFO [main] org.apache.catalina.startup.VersionLoggerListener.log Command line argument: -Dignore.endorsed.dirs=
09-Jun-2023 11:06:06.647 INFO [main] org.apache.catalina.startup.VersionLoggerListener.log Command line argument: -Dcatalina.base=C:\Users\KIIT\OneDrive\Documents\HRC\Java\Resources\apache-tomcat-8.5.55
09-Jun-2023 11:06:06.647 INFO [main] org.apache.catalina.startup.VersionLoggerListener.log Command line argument: -Dcatalina.home=C:\Users\KIIT\OneDrive\Documents\HRC\Java\Resources\apache-tomcat-8.5.55
09-Jun-2023 11:06:06.648 INFO [main] org.apache.catalina.startup.VersionLoggerListener.log Command line argument: -Djava.io.tmpdir=C:\Users\KIIT\OneDrive\Documents\HRC\Java\Resources\apache-tomcat-8.5.55\temp
09-Jun-2023 11:06:06.649 INFO [main] org.apache.catalina.core.AprLifecycleListener.lifecycleEvent Loaded Apache Tomcat Native library [1.2.24] using APR version [1.7.0].
09-Jun-2023 11:06:06.649 INFO [main] org.apache.catalina.core.AprLifecycleListener.lifecycleEvent APR capabilities: IPv6 [true], sendfile [true], accept filters [false], random [true].
09-Jun-2023 11:06:06.649 INFO [main] org.apache.catalina.core.AprLifecycleListener.lifecycleEvent APR/OpenSSL configuration: useAprConnector [false], useOpenSSL [true]
09-Jun-2023 11:06:06.664 INFO [main] org.apache.catalina.core.AprLifecycleListener.initializeSSL OpenSSL successfully initialized [OpenSSL 1.1.1g  21 Apr 2020]
09-Jun-2023 11:06:06.752 INFO [main] org.apache.coyote.AbstractProtocol.init Initializing ProtocolHandler ["http-nio-8080"]
09-Jun-2023 11:06:06.784 SEVERE [main] org.apache.catalina.core.StandardService.initInternal Failed to initialize connector [Connector[HTTP/1.1-8080]]
	org.apache.catalina.LifecycleException: Protocol handler initialization failed
		at org.apache.catalina.connector.Connector.initInternal(Connector.java:1068)
		at org.apache.catalina.util.LifecycleBase.init(LifecycleBase.java:136)
		at org.apache.catalina.core.StandardService.initInternal(StandardService.java:552)
		at org.apache.catalina.util.LifecycleBase.init(LifecycleBase.java:136)
		at org.apache.catalina.core.StandardServer.initInternal(StandardServer.java:848)
		at org.apache.catalina.util.LifecycleBase.init(LifecycleBase.java:136)
		at org.apache.catalina.startup.Catalina.load(Catalina.java:639)
		at org.apache.catalina.startup.Catalina.load(Catalina.java:662)
		at java.base/jdk.internal.reflect.NativeMethodAccessorImpl.invoke0(Native Method)
		at java.base/jdk.internal.reflect.NativeMethodAccessorImpl.invoke(NativeMethodAccessorImpl.java:77)
		at java.base/jdk.internal.reflect.DelegatingMethodAccessorImpl.invoke(DelegatingMethodAccessorImpl.java:43)
		at java.base/java.lang.reflect.Method.invoke(Method.java:568)
		at org.apache.catalina.startup.Bootstrap.load(Bootstrap.java:303)
		at org.apache.catalina.startup.Bootstrap.main(Bootstrap.java:473)
	Caused by: java.net.BindException: Address already in use: bind
		at java.base/sun.nio.ch.Net.bind0(Native Method)
		at java.base/sun.nio.ch.Net.bind(Net.java:555)
		at java.base/sun.nio.ch.ServerSocketChannelImpl.netBind(ServerSocketChannelImpl.java:337)
		at java.base/sun.nio.ch.ServerSocketChannelImpl.bind(ServerSocketChannelImpl.java:294)
		at java.base/sun.nio.ch.ServerSocketAdaptor.bind(ServerSocketAdaptor.java:89)
		at org.apache.tomcat.util.net.NioEndpoint.bind(NioEndpoint.java:221)
		at org.apache.tomcat.util.net.AbstractEndpoint.init(AbstractEndpoint.java:1118)
		at org.apache.tomcat.util.net.AbstractJsseEndpoint.init(AbstractJsseEndpoint.java:222)
		at org.apache.coyote.AbstractProtocol.init(AbstractProtocol.java:587)
		at org.apache.coyote.http11.AbstractHttp11Protocol.init(AbstractHttp11Protocol.java:74)
		at org.apache.catalina.connector.Connector.initInternal(Connector.java:1066)
		... 13 more
09-Jun-2023 11:06:06.789 INFO [main] org.apache.catalina.startup.Catalina.load Initialization processed in 857 ms
09-Jun-2023 11:06:06.878 INFO [main] org.apache.catalina.core.StandardService.startInternal Starting service [Catalina]
09-Jun-2023 11:06:06.878 INFO [main] org.apache.catalina.core.StandardEngine.startInternal Starting Servlet Engine: Apache Tomcat/8.5.55
09-Jun-2023 11:06:06.893 INFO [localhost-startStop-1] org.apache.catalina.startup.HostConfig.deployDirectory Deploying web application directory [C:\Users\KIIT\OneDrive\Documents\HRC\Java\Resources\apache-tomcat-8.5.55\webapps\docs]
09-Jun-2023 11:06:07.375 INFO [localhost-startStop-1] org.apache.catalina.startup.HostConfig.deployDirectory Deployment of web application directory [C:\Users\KIIT\OneDrive\Documents\HRC\Java\Resources\apache-tomcat-8.5.55\webapps\docs] has finished in [481] ms
09-Jun-2023 11:06:07.377 INFO [localhost-startStop-1] org.apache.catalina.startup.HostConfig.deployDirectory Deploying web application directory [C:\Users\KIIT\OneDrive\Documents\HRC\Java\Resources\apache-tomcat-8.5.55\webapps\examples]
09-Jun-2023 11:06:08.330 INFO [localhost-startStop-1] org.apache.catalina.startup.HostConfig.deployDirectory Deployment of web application directory [C:\Users\KIIT\OneDrive\Documents\HRC\Java\Resources\apache-tomcat-8.5.55\webapps\examples] has finished in [952] ms
09-Jun-2023 11:06:08.331 INFO [localhost-startStop-1] org.apache.catalina.startup.HostConfig.deployDirectory Deploying web application directory [C:\Users\KIIT\OneDrive\Documents\HRC\Java\Resources\apache-tomcat-8.5.55\webapps\host-manager]
09-Jun-2023 11:06:08.411 INFO [localhost-startStop-1] org.apache.catalina.startup.HostConfig.deployDirectory Deployment of web application directory [C:\Users\KIIT\OneDrive\Documents\HRC\Java\Resources\apache-tomcat-8.5.55\webapps\host-manager] has finished in [80] ms
09-Jun-2023 11:06:08.412 INFO [localhost-startStop-1] org.apache.catalina.startup.HostConfig.deployDirectory Deploying web application directory [C:\Users\KIIT\OneDrive\Documents\HRC\Java\Resources\apache-tomcat-8.5.55\webapps\manager]
09-Jun-2023 11:06:08.477 INFO [localhost-startStop-1] org.apache.catalina.startup.HostConfig.deployDirectory Deployment of web application directory [C:\Users\KIIT\OneDrive\Documents\HRC\Java\Resources\apache-tomcat-8.5.55\webapps\manager] has finished in [65] ms
09-Jun-2023 11:06:08.478 INFO [localhost-startStop-1] org.apache.catalina.startup.HostConfig.deployDirectory Deploying web application directory [C:\Users\KIIT\OneDrive\Documents\HRC\Java\Resources\apache-tomcat-8.5.55\webapps\ROOT]
09-Jun-2023 11:06:08.538 INFO [localhost-startStop-1] org.apache.catalina.startup.HostConfig.deployDirectory Deployment of web application directory [C:\Users\KIIT\OneDrive\Documents\HRC\Java\Resources\apache-tomcat-8.5.55\webapps\ROOT] has finished in [60] ms
09-Jun-2023 11:06:08.543 INFO [main] org.apache.catalina.startup.Catalina.start Server startup in 1754 ms
09-Jun-2023 11:14:34.777 INFO [main] org.apache.catalina.startup.VersionLoggerListener.log Server version name:   Apache Tomcat/8.5.55
09-Jun-2023 11:14:34.781 INFO [main] org.apache.catalina.startup.VersionLoggerListener.log Server built:          May 5 2020 22:10:54 UTC
09-Jun-2023 11:14:34.782 INFO [main] org.apache.catalina.startup.VersionLoggerListener.log Server version number: 8.5.55.0
09-Jun-2023 11:14:34.782 INFO [main] org.apache.catalina.startup.VersionLoggerListener.log OS Name:               Windows 11
09-Jun-2023 11:14:34.782 INFO [main] org.apache.catalina.startup.VersionLoggerListener.log OS Version:            10.0
09-Jun-2023 11:14:34.782 INFO [main] org.apache.catalina.startup.VersionLoggerListener.log Architecture:          amd64
09-Jun-2023 11:14:34.783 INFO [main] org.apache.catalina.startup.VersionLoggerListener.log Java Home:             C:\Program Files\Java\jdk-17.0.2
09-Jun-2023 11:14:34.783 INFO [main] org.apache.catalina.startup.VersionLoggerListener.log JVM Version:           17.0.2+8-LTS-86
09-Jun-2023 11:14:34.783 INFO [main] org.apache.catalina.startup.VersionLoggerListener.log JVM Vendor:            Oracle Corporation
09-Jun-2023 11:14:34.783 INFO [main] org.apache.catalina.startup.VersionLoggerListener.log CATALINA_BASE:         C:\Users\KIIT\OneDrive\Documents\HRC\Java\Resources\apache-tomcat-8.5.55
09-Jun-2023 11:14:34.784 INFO [main] org.apache.catalina.startup.VersionLoggerListener.log CATALINA_HOME:         C:\Users\KIIT\OneDrive\Documents\HRC\Java\Resources\apache-tomcat-8.5.55
09-Jun-2023 11:14:34.785 INFO [main] org.apache.catalina.startup.VersionLoggerListener.log Command line argument: -Dcatalina.home=C:\Users\KIIT\OneDrive\Documents\HRC\Java\Resources\apache-tomcat-8.5.55
09-Jun-2023 11:14:34.785 INFO [main] org.apache.catalina.startup.VersionLoggerListener.log Command line argument: -Dcatalina.base=C:\Users\KIIT\OneDrive\Documents\HRC\Java\Resources\apache-tomcat-8.5.55
09-Jun-2023 11:14:34.785 INFO [main] org.apache.catalina.startup.VersionLoggerListener.log Command line argument: -Dignore.endorsed.dirs=C:\Users\KIIT\OneDrive\Documents\HRC\Java\Resources\apache-tomcat-8.5.55\endorsed
09-Jun-2023 11:14:34.785 INFO [main] org.apache.catalina.startup.VersionLoggerListener.log Command line argument: -Djava.io.tmpdir=C:\Users\KIIT\OneDrive\Documents\HRC\Java\Resources\apache-tomcat-8.5.55\temp
09-Jun-2023 11:14:34.785 INFO [main] org.apache.catalina.startup.VersionLoggerListener.log Command line argument: -Djava.util.logging.manager=org.apache.juli.ClassLoaderLogManager
09-Jun-2023 11:14:34.787 INFO [main] org.apache.catalina.startup.VersionLoggerListener.log Command line argument: -Djava.util.logging.config.file=C:\Users\KIIT\OneDrive\Documents\HRC\Java\Resources\apache-tomcat-8.5.55\conf\logging.properties
09-Jun-2023 11:14:34.787 INFO [main] org.apache.catalina.startup.VersionLoggerListener.log Command line argument: --add-opens=java.base/java.lang=ALL-UNNAMED
09-Jun-2023 11:14:34.789 INFO [main] org.apache.catalina.startup.VersionLoggerListener.log Command line argument: --add-opens=java.base/java.io=ALL-UNNAMED
09-Jun-2023 11:14:34.790 INFO [main] org.apache.catalina.startup.VersionLoggerListener.log Command line argument: --add-opens=java.rmi/sun.rmi.transport=ALL-UNNAMED
09-Jun-2023 11:14:34.791 INFO [main] org.apache.catalina.startup.VersionLoggerListener.log Command line argument: exit
09-Jun-2023 11:14:34.791 INFO [main] org.apache.catalina.startup.VersionLoggerListener.log Command line argument: abort
09-Jun-2023 11:14:34.797 INFO [main] org.apache.catalina.startup.VersionLoggerListener.log Command line argument: -Xms128m
09-Jun-2023 11:14:34.799 INFO [main] org.apache.catalina.startup.VersionLoggerListener.log Command line argument: -Xmx256m
09-Jun-2023 11:14:34.800 INFO [main] org.apache.catalina.core.AprLifecycleListener.lifecycleEvent Loaded Apache Tomcat Native library [1.2.24] using APR version [1.7.0].
09-Jun-2023 11:14:34.801 INFO [main] org.apache.catalina.core.AprLifecycleListener.lifecycleEvent APR capabilities: IPv6 [true], sendfile [true], accept filters [false], random [true].
09-Jun-2023 11:14:34.802 INFO [main] org.apache.catalina.core.AprLifecycleListener.lifecycleEvent APR/OpenSSL configuration: useAprConnector [false], useOpenSSL [true]
09-Jun-2023 11:14:34.811 INFO [main] org.apache.catalina.core.AprLifecycleListener.initializeSSL OpenSSL successfully initialized [OpenSSL 1.1.1g  21 Apr 2020]
09-Jun-2023 11:14:34.881 INFO [main] org.apache.coyote.AbstractProtocol.init Initializing ProtocolHandler ["http-nio-8080"]
09-Jun-2023 11:14:34.902 SEVERE [main] org.apache.catalina.core.StandardService.initInternal Failed to initialize connector [Connector[HTTP/1.1-8080]]
	org.apache.catalina.LifecycleException: Protocol handler initialization failed
		at org.apache.catalina.connector.Connector.initInternal(Connector.java:1068)
		at org.apache.catalina.util.LifecycleBase.init(LifecycleBase.java:136)
		at org.apache.catalina.core.StandardService.initInternal(StandardService.java:552)
		at org.apache.catalina.util.LifecycleBase.init(LifecycleBase.java:136)
		at org.apache.catalina.core.StandardServer.initInternal(StandardServer.java:848)
		at org.apache.catalina.util.LifecycleBase.init(LifecycleBase.java:136)
		at org.apache.catalina.startup.Catalina.load(Catalina.java:639)
		at org.apache.catalina.startup.Catalina.load(Catalina.java:662)
		at java.base/jdk.internal.reflect.NativeMethodAccessorImpl.invoke0(Native Method)
		at java.base/jdk.internal.reflect.NativeMethodAccessorImpl.invoke(NativeMethodAccessorImpl.java:77)
		at java.base/jdk.internal.reflect.DelegatingMethodAccessorImpl.invoke(DelegatingMethodAccessorImpl.java:43)
		at java.base/java.lang.reflect.Method.invoke(Method.java:568)
		at org.apache.catalina.startup.Bootstrap.load(Bootstrap.java:303)
		at org.apache.catalina.startup.Bootstrap.main(Bootstrap.java:473)
	Caused by: java.net.BindException: Address already in use: bind
		at java.base/sun.nio.ch.Net.bind0(Native Method)
		at java.base/sun.nio.ch.Net.bind(Net.java:555)
		at java.base/sun.nio.ch.ServerSocketChannelImpl.netBind(ServerSocketChannelImpl.java:337)
		at java.base/sun.nio.ch.ServerSocketChannelImpl.bind(ServerSocketChannelImpl.java:294)
		at java.base/sun.nio.ch.ServerSocketAdaptor.bind(ServerSocketAdaptor.java:89)
		at org.apache.tomcat.util.net.NioEndpoint.bind(NioEndpoint.java:221)
		at org.apache.tomcat.util.net.AbstractEndpoint.init(AbstractEndpoint.java:1118)
		at org.apache.tomcat.util.net.AbstractJsseEndpoint.init(AbstractJsseEndpoint.java:222)
		at org.apache.coyote.AbstractProtocol.init(AbstractProtocol.java:587)
		at org.apache.coyote.http11.AbstractHttp11Protocol.init(AbstractHttp11Protocol.java:74)
		at org.apache.catalina.connector.Connector.initInternal(Connector.java:1066)
		... 13 more
09-Jun-2023 11:14:34.904 INFO [main] org.apache.catalina.startup.Catalina.load Initialization processed in 719 ms
09-Jun-2023 11:14:34.966 INFO [main] org.apache.catalina.core.StandardService.startInternal Starting service [Catalina]
09-Jun-2023 11:14:34.967 INFO [main] org.apache.catalina.core.StandardEngine.startInternal Starting Servlet Engine: Apache Tomcat/8.5.55
09-Jun-2023 11:14:34.999 INFO [localhost-startStop-1] org.apache.catalina.startup.HostConfig.deployDirectory Deploying web application directory [C:\Users\KIIT\OneDrive\Documents\HRC\Java\Resources\apache-tomcat-8.5.55\webapps\docs]
09-Jun-2023 11:14:35.364 INFO [localhost-startStop-1] org.apache.catalina.startup.HostConfig.deployDirectory Deployment of web application directory [C:\Users\KIIT\OneDrive\Documents\HRC\Java\Resources\apache-tomcat-8.5.55\webapps\docs] has finished in [364] ms
09-Jun-2023 11:14:35.365 INFO [localhost-startStop-1] org.apache.catalina.startup.HostConfig.deployDirectory Deploying web application directory [C:\Users\KIIT\OneDrive\Documents\HRC\Java\Resources\apache-tomcat-8.5.55\webapps\examples]
09-Jun-2023 11:14:35.958 INFO [localhost-startStop-1] org.apache.catalina.startup.HostConfig.deployDirectory Deployment of web application directory [C:\Users\KIIT\OneDrive\Documents\HRC\Java\Resources\apache-tomcat-8.5.55\webapps\examples] has finished in [593] ms
09-Jun-2023 11:14:35.958 INFO [localhost-startStop-1] org.apache.catalina.startup.HostConfig.deployDirectory Deploying web application directory [C:\Users\KIIT\OneDrive\Documents\HRC\Java\Resources\apache-tomcat-8.5.55\webapps\host-manager]
09-Jun-2023 11:14:36.010 INFO [localhost-startStop-1] org.apache.catalina.startup.HostConfig.deployDirectory Deployment of web application directory [C:\Users\KIIT\OneDrive\Documents\HRC\Java\Resources\apache-tomcat-8.5.55\webapps\host-manager] has finished in [51] ms
09-Jun-2023 11:14:36.010 INFO [localhost-startStop-1] org.apache.catalina.startup.HostConfig.deployDirectory Deploying web application directory [C:\Users\KIIT\OneDrive\Documents\HRC\Java\Resources\apache-tomcat-8.5.55\webapps\manager]
09-Jun-2023 11:14:36.065 INFO [localhost-startStop-1] org.apache.catalina.startup.HostConfig.deployDirectory Deployment of web application directory [C:\Users\KIIT\OneDrive\Documents\HRC\Java\Resources\apache-tomcat-8.5.55\webapps\manager] has finished in [55] ms
09-Jun-2023 11:14:36.066 INFO [localhost-startStop-1] org.apache.catalina.startup.HostConfig.deployDirectory Deploying web application directory [C:\Users\KIIT\OneDrive\Documents\HRC\Java\Resources\apache-tomcat-8.5.55\webapps\ROOT]
09-Jun-2023 11:14:36.104 INFO [localhost-startStop-1] org.apache.catalina.startup.HostConfig.deployDirectory Deployment of web application directory [C:\Users\KIIT\OneDrive\Documents\HRC\Java\Resources\apache-tomcat-8.5.55\webapps\ROOT] has finished in [38] ms
09-Jun-2023 11:14:36.108 INFO [main] org.apache.catalina.startup.Catalina.start Server startup in 1202 ms
09-Jun-2023 11:15:10.823 INFO [Thread-3] org.apache.coyote.AbstractProtocol.pause Pausing ProtocolHandler ["http-nio-8080"]
09-Jun-2023 11:15:10.824 INFO [Thread-3] org.apache.catalina.core.StandardService.stopInternal Stopping service [Catalina]
09-Jun-2023 11:15:10.869 INFO [Thread-3] org.apache.coyote.AbstractProtocol.stop Stopping ProtocolHandler ["http-nio-8080"]
09-Jun-2023 11:15:10.870 INFO [Thread-3] org.apache.coyote.AbstractProtocol.destroy Destroying ProtocolHandler ["http-nio-8080"]
09-Jun-2023 11:24:37.473 SEVERE [main] org.apache.catalina.startup.Catalina.stopServer Could not contact [localhost:8005]. Tomcat may not be running.
